<?xml version="1.0" encoding="UTF-8"?>
<!-- Generated by org.testng.reporters.JUnitReportReporter -->
<testsuite skipped="0" hostname="DESKTOP-NTH2U3O" name="testCases.testtestng" tests="1" failures="0" timestamp="03 Feb 2018 06:26:07 GMT" time="0.015" errors="0">
  <testcase name="test2" time="0.015" classname="testCases.testtestng"/>
</testsuite> <!-- testCases.testtestng -->
