<?xml version="1.0" encoding="UTF-8"?>
<!-- Generated by org.testng.reporters.JUnitReportReporter -->
<testsuite skipped="0" hostname="DESKTOP-NTH2U3O" name="testCases.Duplicatelead" tests="1" failures="0" timestamp="03 Feb 2018 07:48:02 GMT" time="40.030" errors="0">
  <testcase name="dupliacteLead" time="40.030" classname="testCases.Duplicatelead"/>
</testsuite> <!-- testCases.Duplicatelead -->
